[debug] [2020-01-01T20:19:25.328Z] ----------------------------------------------------------------------
[debug] [2020-01-01T20:19:25.329Z] Command:       /Users/chibatakumi/.nodebrew/node/v10.18.0/bin/node /usr/local/bin/firebase deploy
[debug] [2020-01-01T20:19:25.329Z] CLI Version:   7.11.0
[debug] [2020-01-01T20:19:25.329Z] Platform:      darwin
[debug] [2020-01-01T20:19:25.329Z] Node Version:  v10.18.0
[debug] [2020-01-01T20:19:25.330Z] Time:          Thu Jan 02 2020 05:19:25 GMT+0900 (GMT+09:00)
[debug] [2020-01-01T20:19:25.330Z] ----------------------------------------------------------------------
[debug] [2020-01-01T20:19:25.330Z] 
[debug] [2020-01-01T20:19:25.336Z] > command requires scopes: ["email","openid","https://www.googleapis.com/auth/cloudplatformprojects.readonly","https://www.googleapis.com/auth/firebase","https://www.googleapis.com/auth/cloud-platform"]
[debug] [2020-01-01T20:19:25.337Z] > authorizing via signed-in user
[debug] [2020-01-01T20:19:25.340Z] [iam] checking project cafe-more for permissions ["cloudfunctions.functions.create","cloudfunctions.functions.delete","cloudfunctions.functions.get","cloudfunctions.functions.list","cloudfunctions.functions.update","cloudfunctions.operations.get","datastore.indexes.create","datastore.indexes.delete","datastore.indexes.list","datastore.indexes.update","firebase.projects.get","firebasehosting.sites.update","firebaserules.releases.create","firebaserules.releases.update","firebaserules.rulesets.create"]
[debug] [2020-01-01T20:19:25.341Z] >>> HTTP REQUEST POST https://cloudresourcemanager.googleapis.com/v1/projects/cafe-more:testIamPermissions  

[debug] [2020-01-01T20:19:26.063Z] <<< HTTP RESPONSE 200
[debug] [2020-01-01T20:19:26.065Z] >>> HTTP REQUEST GET https://firebase.googleapis.com/v1beta1/projects/cafe-more  
 
[debug] [2020-01-01T20:19:26.734Z] <<< HTTP RESPONSE 200
[info] 
[info] === Deploying to 'cafe-more'...
[info] 
[info] i  deploying storage, firestore, functions, hosting
[info] Running command: npm --prefix "$RESOURCE_DIR" run lint
[info] Running command: npm --prefix "$RESOURCE_DIR" run build
[info] ✔  functions: Finished running predeploy script.
[debug] [2020-01-01T20:19:33.266Z] >>> HTTP REQUEST GET https://appengine.googleapis.com/v1/apps/cafe-more  
 
[debug] [2020-01-01T20:19:34.745Z] <<< HTTP RESPONSE 200
[info] i  firebase.storage: checking storage.rules for compilation errors...
[debug] [2020-01-01T20:19:34.746Z] >>> HTTP REQUEST POST https://firebaserules.googleapis.com/v1/projects/cafe-more:test  

[debug] [2020-01-01T20:19:35.992Z] <<< HTTP RESPONSE 200
[info] ✔  firebase.storage: rules file storage.rules compiled successfully
[info] i  firestore: reading indexes from firestore.indexes.json...
[info] i  cloud.firestore: checking firestore.rules for compilation errors...
[debug] [2020-01-01T20:19:35.994Z] >>> HTTP REQUEST POST https://firebaserules.googleapis.com/v1/projects/cafe-more:test  

[debug] [2020-01-01T20:19:37.115Z] <<< HTTP RESPONSE 200
[info] ✔  cloud.firestore: rules file firestore.rules compiled successfully
[debug] [2020-01-01T20:19:37.117Z] > [functions] package.json contents: {
  "name": "functions",
  "scripts": {
    "lint": "tslint --project tsconfig.json",
    "build": "node cp-angular && tsc",
    "serve": "npm run build && firebase serve --only functions",
    "shell": "npm run build && firebase functions:shell",
    "start": "npm run shell",
    "deploy": "firebase deploy --only functions",
    "logs": "firebase functions:log"
  },
  "engines": {
    "node": "8"
  },
  "main": "lib/index.js",
  "dependencies": {
    "firebase-admin": "^8.6.0",
    "firebase-functions": "^3.3.0",
    "fs-extra": "^8.1.0"
  },
  "devDependencies": {
    "tslint": "^5.12.0",
    "typescript": "^3.2.2",
    "firebase-functions-test": "^0.1.6"
  },
  "private": true
}
[info] i  functions: ensuring necessary APIs are enabled...
[debug] [2020-01-01T20:19:37.117Z] >>> HTTP REQUEST GET https://serviceusage.googleapis.com/v1/projects/cafe-more/services/cloudfunctions.googleapis.com  
 
[debug] [2020-01-01T20:19:37.118Z] >>> HTTP REQUEST GET https://serviceusage.googleapis.com/v1/projects/cafe-more/services/runtimeconfig.googleapis.com  
 
